<?xml version="1.0" encoding="UTF-8"?>
<!-- Generated by org.testng.reporters.JUnitReportReporter -->
<testsuite hostname="tes-PC" name="FlightBooking.BookingTest" tests="1" failures="0" timestamp="23 Feb 2019 20:28:39 GMT" time="22.475" errors="0">
  <testcase name="roundTripBooking" time="22.475" classname="FlightBooking.BookingTest"/>
</testsuite> <!-- FlightBooking.BookingTest -->
