<?xml version="1.0" encoding="UTF-8"?>
<!-- Generated by org.testng.reporters.JUnitReportReporter -->
<testsuite hostname="tes-PC" failures="0" tests="1" name="TestRunner.CucumberOption" time="39.184" errors="0" timestamp="16 Feb 2019 01:14:41 GMT">
  <testcase classname="TestRunner.CucumberOption" name="feature" time="39.184"/>
</testsuite> <!-- TestRunner.CucumberOption -->
