<?xml version="1.0" encoding="UTF-8"?>
<!-- Generated by org.testng.reporters.JUnitReportReporter -->
<testsuite hostname="tes-PC" failures="0" tests="1" name="TestRunner.CucumberOption" time="40.461" errors="0" timestamp="14 Feb 2019 21:16:44 GMT">
  <testcase classname="TestRunner.CucumberOption" name="feature" time="40.461"/>
</testsuite> <!-- TestRunner.CucumberOption -->
