<?xml version="1.0" encoding="UTF-8"?>
<!-- Generated by org.testng.reporters.JUnitReportReporter -->
<testsuite hostname="tes-PC" name="FlightBooking.BookingTest" tests="1" failures="0" timestamp="1 Mar 2019 00:52:26 GMT" time="23.170" errors="0">
  <testcase name="roundTripBooking" time="23.170" classname="FlightBooking.BookingTest"/>
</testsuite> <!-- FlightBooking.BookingTest -->
