<?xml version="1.0" encoding="UTF-8"?>
<!-- Generated by org.testng.reporters.JUnitReportReporter -->
<testsuite hostname="tes-PC" failures="0" tests="1" name="FlightBooking.BookingTest" time="20.216" errors="0" timestamp="12 Feb 2019 06:34:14 GMT">
  <testcase classname="FlightBooking.BookingTest" name="roundTripBooking" time="20.216"/>
</testsuite> <!-- FlightBooking.BookingTest -->
