<?xml version="1.0" encoding="UTF-8"?>
<!-- Generated by org.testng.reporters.JUnitReportReporter -->
<testsuite hostname="tes-PC" failures="0" tests="1" name="TestRunner.CucumberOption" time="34.321" errors="0" timestamp="16 Feb 2019 00:55:39 GMT">
  <testcase classname="TestRunner.CucumberOption" name="feature" time="34.321"/>
</testsuite> <!-- TestRunner.CucumberOption -->
