<?xml version="1.0" encoding="UTF-8"?>
<!-- Generated by org.testng.reporters.JUnitReportReporter -->
<testsuite hostname="tes-PC" failures="0" tests="1" name="FlightBooking.BookingTest" time="21.586" errors="0" timestamp="14 Feb 2019 05:16:50 GMT">
  <testcase classname="FlightBooking.BookingTest" name="roundTripBooking" time="21.586"/>
</testsuite> <!-- FlightBooking.BookingTest -->
