<?xml version="1.0" encoding="UTF-8"?>
<!-- Generated by org.testng.reporters.JUnitReportReporter -->
<testsuite hostname="tes-PC" name="FlightBooking.BookingTest" tests="1" failures="0" timestamp="1 Mar 2019 01:08:46 GMT" time="22.788" errors="0">
  <testcase name="roundTripBooking" time="22.788" classname="FlightBooking.BookingTest"/>
</testsuite> <!-- FlightBooking.BookingTest -->
