<?xml version="1.0" encoding="UTF-8"?>
<!-- Generated by org.testng.reporters.JUnitReportReporter -->
<testsuite hostname="tes-PC" failures="0" tests="1" name="FlightBooking.BookingTest" time="9.578" errors="0" timestamp="11 Feb 2019 07:16:33 GMT">
  <testcase classname="FlightBooking.BookingTest" name="roundTripBooking" time="9.578"/>
</testsuite> <!-- FlightBooking.BookingTest -->
