<?xml version="1.0" encoding="UTF-8"?>
<!-- Generated by org.testng.reporters.JUnitReportReporter -->
<testsuite hostname="tes-PC" failures="0" tests="1" name="TestRunner.CucumberOption" time="69.391" errors="0" timestamp="14 Feb 2019 07:31:12 GMT">
  <testcase classname="TestRunner.CucumberOption" name="feature" time="69.391"/>
</testsuite> <!-- TestRunner.CucumberOption -->
