<?xml version="1.0" encoding="UTF-8"?>
<!-- Generated by org.testng.reporters.JUnitReportReporter -->
<testsuite hostname="tes-PC" name="FlightBooking.BookingTest" tests="1" failures="0" timestamp="2 Mar 2019 00:23:32 GMT" time="22.659" errors="0">
  <testcase name="roundTripBooking" time="22.659" classname="FlightBooking.BookingTest"/>
</testsuite> <!-- FlightBooking.BookingTest -->
